<?xml version="1.0" encoding="UTF-8"?>
<!-- Generated by org.testng.reporters.JUnitReportReporter -->
<testsuite hostname="DESKTOP-HEF8876" name="com.rameshsoft.automation.businessscripts.DataProviderTest" tests="3" failures="0" timestamp="23 Apr 2018 14:19:27 GMT" time="0.013" errors="0">
  <testcase name="loginForm" time="0.009" classname="com.rameshsoft.automation.businessscripts.DataProviderTest"/>
  <testcase name="loginForm" time="0.002" classname="com.rameshsoft.automation.businessscripts.DataProviderTest"/>
  <testcase name="loginForm" time="0.002" classname="com.rameshsoft.automation.businessscripts.DataProviderTest"/>
</testsuite> <!-- com.rameshsoft.automation.businessscripts.DataProviderTest -->
