<?xml version="1.0" encoding="UTF-8"?>
<!-- Generated by org.testng.reporters.JUnitReportReporter -->
<testsuite hostname="DESKTOP-HEF8876" name="com.rameshsoft.automation.businessscripts.Demo" tests="1" failures="0" timestamp="23 Apr 2018 13:18:27 GMT" time="0.622" errors="0">
  <testcase name="hello" time="0.622" classname="com.rameshsoft.automation.businessscripts.Demo"/>
</testsuite> <!-- com.rameshsoft.automation.businessscripts.Demo -->
